05.02.2019 17:22:22.345 0 DEBUG    0x7fad3f74b780 TemplateLoader: path=/home/stefan/Programmierung/Qt/QtWebApp/Demo1/etc/templates, codec=UTF-8
05.02.2019 17:22:22.345 0 DEBUG    0x7fad3f74b780 TemplateCache: timeout=60000, size=1000000
05.02.2019 17:22:22.345 0 DEBUG    0x7fad3f74b780 HttpSessionStore: Sessions expire after 3600000 milliseconds
05.02.2019 17:22:22.345 0 DEBUG    0x7fad3f74b780 StaticFileController: docroot=/home/stefan/Programmierung/Qt/QtWebApp/Demo1/etc/docroot, encoding=UTF-8, maxAge=60000
05.02.2019 17:22:22.345 0 DEBUG    0x7fad3f74b780 StaticFileController: cache timeout=60000, size=1000000
05.02.2019 17:22:22.345 0 DEBUG    0x7fad3f74b780 RequestMapper: created
05.02.2019 17:22:22.345 0 DEBUG    0x7fad3f74b780 HttpListener: Listening on port 8080
05.02.2019 17:22:22.345 1 WARNING  0x7fad3f74b780 Application has started
05.02.2019 17:22:24.585 0 DEBUG    0x7fad3f74b780 HttpListener: New connection
05.02.2019 17:22:24.586 0 DEBUG    0x7fad3f74b780 HttpConnectionHandler (0x55b8b85e3690): thread started
05.02.2019 17:22:24.586 0 DEBUG    0x7fad3f74b780 HttpConnectionHandler (0x55b8b85e3690): constructed
05.02.2019 17:22:24.586 0 DEBUG    0x7fad3f465700 HttpConnectionHandler (0x55b8b85e3690): handle new connection
05.02.2019 17:22:25.359 0 DEBUG    0x7fad3f465700 HttpConnectionHandler (0x55b8b85e3690): read input
05.02.2019 17:22:25.360 0 DEBUG    0x7fad3f465700 HttpRequest: read request
05.02.2019 17:22:25.360 0 DEBUG    0x7fad3f465700 HttpRequest: from ::1: GET / HTTP/1.1
05.02.2019 17:22:25.360 0 DEBUG    0x7fad3f465700 HttpRequest: received header host: localhost:8080
05.02.2019 17:22:25.360 0 DEBUG    0x7fad3f465700 HttpRequest: received header user-agent: Mozilla/5.0 (X11; Linux x86_64; rv:60.0) Gecko/20100101 Firefox/60.0
05.02.2019 17:22:25.360 0 DEBUG    0x7fad3f465700 HttpRequest: received header accept: text/html,application/xhtml+xml,application/xml;q=0.9,*/*;q=0.8
05.02.2019 17:22:25.360 0 DEBUG    0x7fad3f465700 HttpRequest: received header accept-language: de-DE,de;q=0.8,en-US;q=0.5,en;q=0.3
05.02.2019 17:22:25.360 0 DEBUG    0x7fad3f465700 HttpRequest: received header accept-encoding: gzip, deflate
05.02.2019 17:22:25.360 0 DEBUG    0x7fad3f465700 HttpRequest: received header connection: keep-alive
05.02.2019 17:22:25.360 0 DEBUG    0x7fad3f465700 HttpRequest: received header upgrade-insecure-requests: 1
05.02.2019 17:22:25.360 0 DEBUG    0x7fad3f465700 HttpRequest: received header cache-control: max-age=0
05.02.2019 17:22:25.360 0 DEBUG    0x7fad3f465700 HttpRequest: headers completed
05.02.2019 17:22:25.360 0 DEBUG    0x7fad3f465700 HttpRequest: expect no body
05.02.2019 17:22:25.360 0 DEBUG    0x7fad3f465700 HttpRequest: extract and decode request parameters
05.02.2019 17:22:25.360 0 DEBUG    0x7fad3f465700 HttpRequest: extract cookies
05.02.2019 17:22:25.360 0 DEBUG    0x7fad3f465700 HttpConnectionHandler (0x55b8b85e3690): received request
05.02.2019 17:22:25.360 0 DEBUG    0x7fad3f465700 RequestMapper: path=/
05.02.2019 17:22:25.360 0 DEBUG    0x7fad3f465700 StaticFileController: Cache miss for /
05.02.2019 17:22:25.360 0 DEBUG    0x7fad3f465700 StaticFileController: Open file /home/stefan/Programmierung/Qt/QtWebApp/Demo1/etc/docroot//index.html
05.02.2019 17:22:25.360 0 DEBUG    0x7fad3f465700 RequestMapper: finished request
05.02.2019 17:22:25.360 0 DEBUG    0x7fad3f465700 HttpConnectionHandler (0x55b8b85e3690): finished request
05.02.2019 17:22:25.441 0 DEBUG    0x7fad3f465700 HttpConnectionHandler (0x55b8b85e3690): read input
05.02.2019 17:22:25.441 0 DEBUG    0x7fad3f465700 HttpRequest: read request
05.02.2019 17:22:25.441 0 DEBUG    0x7fad3f465700 HttpRequest: from ::1: GET /Schmetterling%20klein.png HTTP/1.1
05.02.2019 17:22:25.441 0 DEBUG    0x7fad3f465700 HttpRequest: received header host: localhost:8080
05.02.2019 17:22:25.441 0 DEBUG    0x7fad3f465700 HttpRequest: received header user-agent: Mozilla/5.0 (X11; Linux x86_64; rv:60.0) Gecko/20100101 Firefox/60.0
05.02.2019 17:22:25.441 0 DEBUG    0x7fad3f465700 HttpRequest: received header accept: */*
05.02.2019 17:22:25.441 0 DEBUG    0x7fad3f465700 HttpRequest: received header accept-language: de-DE,de;q=0.8,en-US;q=0.5,en;q=0.3
05.02.2019 17:22:25.441 0 DEBUG    0x7fad3f465700 HttpRequest: received header accept-encoding: gzip, deflate
05.02.2019 17:22:25.441 0 DEBUG    0x7fad3f465700 HttpRequest: received header referer: http://localhost:8080/
05.02.2019 17:22:25.441 0 DEBUG    0x7fad3f465700 HttpRequest: received header connection: keep-alive
05.02.2019 17:22:25.441 0 DEBUG    0x7fad3f465700 HttpRequest: received header cache-control: max-age=0
05.02.2019 17:22:25.441 0 DEBUG    0x7fad3f465700 HttpRequest: headers completed
05.02.2019 17:22:25.441 0 DEBUG    0x7fad3f465700 HttpRequest: expect no body
05.02.2019 17:22:25.441 0 DEBUG    0x7fad3f465700 HttpRequest: extract and decode request parameters
05.02.2019 17:22:25.441 0 DEBUG    0x7fad3f465700 HttpRequest: extract cookies
05.02.2019 17:22:25.441 0 DEBUG    0x7fad3f465700 HttpConnectionHandler (0x55b8b85e3690): received request
05.02.2019 17:22:25.441 0 DEBUG    0x7fad3f465700 RequestMapper: path=/Schmetterling klein.png
05.02.2019 17:22:25.441 0 DEBUG    0x7fad3f465700 StaticFileController: Cache miss for /Schmetterling klein.png
05.02.2019 17:22:25.442 0 DEBUG    0x7fad3f465700 StaticFileController: Open file /home/stefan/Programmierung/Qt/QtWebApp/Demo1/etc/docroot/Schmetterling klein.png
05.02.2019 17:22:25.442 0 DEBUG    0x7fad3f465700 RequestMapper: finished request
05.02.2019 17:22:25.442 0 DEBUG    0x7fad3f465700 HttpConnectionHandler (0x55b8b85e3690): finished request
05.02.2019 17:23:25.138 0 DEBUG    0x7fad3f465700 HttpConnectionHandler (0x55b8b85e3690): read timeout occured
05.02.2019 17:23:25.138 0 DEBUG    0x7fad3f465700 HttpConnectionHandler (0x55b8b85e3690): disconnected
05.02.2019 17:24:22.078 0 DEBUG    0x7fad3f465700 HttpConnectionHandler (0x55b8b85e3690): thread stopped
05.02.2019 17:24:22.078 0 DEBUG    0x7fad3f74b780 HttpConnectionHandler (0x55b8b85e3690): destroyed
05.02.2019 17:24:22.079 0 DEBUG    0x7fad3f74b780 HttpConnectionHandlerPool: Removed connection handler (0x55b8b85e3690), pool size is now 0
